<?xml version="1.0" encoding="UTF-8"?>
<!-- Generated by org.testng.reporters.JUnitXMLReporter -->
<testsuite hostname="DESKTOP-7ACLBJR" name=" Regression Test" tests="6" failures="0" timestamp="29 Jul 2022 05:41:40 GMT" time="0.014" errors="0">
  <testcase name="sample1" time="0.001" classname="org.cgtestng.SampleTestPriority"/>
  <testcase name="sample4" time="0.001" classname="org.cgtestng.SampleTestPriority"/>
  <testcase name="sample2" time="0.001" classname="org.cgtestng.SampleTestPriority"/>
  <testcase name="sample2" time="0.001" classname="org.cgtestng.SampleTestPriority"/>
  <testcase name="sample2" time="0.001" classname="org.cgtestng.SampleTestPriority"/>
  <testcase name="sample5" time="0.001" classname="org.cgtestng.SampleTestPriority"/>
</testsuite> <!--  Regression Test -->
